<?xml version="1.0" encoding="UTF-8" ?>
<testsuite tests="2" failures="1" name="testrunner.TestRunner" time="18.483" errors="0" skipped="0">
  <properties>
[...]
</properties>
  <testcase classname="Login Data Driven" name="Login Data Driven #1" time="9.123"/>
  <testcase classname="Login Data Driven" name="Login Data Driven #2" time="9.36">
    <failure type="java.lang.AssertionError">java.lang.AssertionError
	at org.junit.Assert.fail(Assert.java:87)
	at org.junit.Assert.assertTrue(Assert.java:42)
	at org.junit.Assert.assertTrue(Assert.java:53)
	at stepDef.steps.user_navigates_to_my_account_page(steps.java:105)
	at ✽.User navigates to MyAccount Page(file:///C:/Users/NileshW2/WSseleniumJava_April23/MyJuneProject/./Features/LoginDDT.feature:10)
</failure>
    <system-out>
Scenario Outline: Login Data Driven                                               &amp;#27;[90m# Features/LoginDDT.feature:15&amp;#27;[0m
  &amp;#27;[32mGiven &amp;#27;[0m&amp;#27;[32mUser Launch browser&amp;#27;[0m                                                       &amp;#27;[90m# stepDef.steps.user_launch_browser()&amp;#27;[0m
  &amp;#27;[32mAnd &amp;#27;[0m&amp;#27;[32mopens URL &amp;#27;[0m&amp;#27;[32m&amp;#27;[1m&quot;https://tutorialsninja.com/demo/&quot;&amp;#27;[0m                                &amp;#27;[90m# stepDef.steps.opens_url(java.lang.String)&amp;#27;[0m
  &amp;#27;[32mWhen &amp;#27;[0m&amp;#27;[32mUser navigate to MyAccount menu&amp;#27;[0m                                            &amp;#27;[90m# stepDef.steps.user_navigate_to_my_account_menu()&amp;#27;[0m
  &amp;#27;[32mAnd &amp;#27;[0m&amp;#27;[32mclick on Login&amp;#27;[0m                                                              &amp;#27;[90m# stepDef.steps.click_on_login()&amp;#27;[0m
  &amp;#27;[32mAnd &amp;#27;[0m&amp;#27;[32mUser enters Email as &amp;#27;[0m&amp;#27;[32m&amp;#27;[1m&quot;nileshtraining@gmail.com&quot;&amp;#27;[0m&amp;#27;[32m and Password as &amp;#27;[0m&amp;#27;[32m&amp;#27;[1m&quot;mytest321&quot;&amp;#27;[0m &amp;#27;[90m# stepDef.steps.email_and_password(java.lang.String,java.lang.String)&amp;#27;[0m
  &amp;#27;[32mAnd &amp;#27;[0m&amp;#27;[32mClick on Login button&amp;#27;[0m                                                       &amp;#27;[90m# stepDef.steps.click_on_login_button()&amp;#27;[0m
It opens welcome screen....
  &amp;#27;[31mThen &amp;#27;[0m&amp;#27;[31mUser navigates to MyAccount Page&amp;#27;[0m                                           &amp;#27;[90m# stepDef.steps.user_navigates_to_my_account_page()&amp;#27;[0m
      &amp;#27;[31mjava.lang.AssertionError
	at org.junit.Assert.fail(Assert.java:87)
	at org.junit.Assert.assertTrue(Assert.java:42)
	at org.junit.Assert.assertTrue(Assert.java:53)
	at stepDef.steps.user_navigates_to_my_account_page(steps.java:105)
	at ✽.User navigates to MyAccount Page(file:///C:/Users/NileshW2/WSseleniumJava_April23/MyJuneProject/./Features/LoginDDT.feature:10)
&amp;#27;[0m
</system-out>
    <system-err>Jun 09, 2023 11:56:49 AM org.openqa.selenium.manager.SeleniumManager getDriverPath
INFO: Applicable driver not found; attempting to install with Selenium Manager (Beta)
Starting ChromeDriver 114.0.5735.90 (386bc09e8f4f2e025eddae123f36f6263096ae49-refs/branch-heads/5735@{#1052}) on port 38212
Only local connections are allowed.
Please see https://chromedriver.chromium.org/security-considerations for suggestions on keeping ChromeDriver safe.
ChromeDriver was started successfully.
Jun 09, 2023 11:56:51 AM org.openqa.selenium.devtools.CdpVersionFinder findNearestMatch
WARNING: Unable to find an exact match for CDP version 114, so returning the closest version found: 113
</system-err>
  </testcase>
</testsuite>