<?xml version="1.0" encoding="UTF-8"?>
<testsuite xmlns:xsi="http://www.w3.org/2001/XMLSchema-instance" xsi:noNamespaceSchemaLocation="https://maven.apache.org/surefire/maven-surefire-plugin/xsd/surefire-test-report-3.0.xsd" version="3.0" name="testrunner.TestRunner" time="24.2" tests="2" errors="0" skipped="0" failures="1">
  <properties>
[...]
</properties>
  <testcase name="Login Data Driven #1" classname="Login Data Driven" time="12.865">
    <system-out><![CDATA[
Scenario Outline: Login Data Driven                                           &amp#27;[90m# Features/LoginDDT.feature:14&amp#27;[0m
  &amp#27;[32mGiven &amp#27;[0m&amp#27;[32mUser Launch browser&amp#27;[0m                                                   &amp#27;[90m# stepDef.steps.user_launch_browser()&amp#27;[0m
  &amp#27;[32mAnd &amp#27;[0m&amp#27;[32mopens URL &amp#27;[0m&amp#27;[32m&amp#27;[1m"https://tutorialsninja.com/demo/"&amp#27;[0m                            &amp#27;[90m# stepDef.steps.opens_url(java.lang.String)&amp#27;[0m
  &amp#27;[32mWhen &amp#27;[0m&amp#27;[32mUser navigate to MyAccount menu&amp#27;[0m                                        &amp#27;[90m# stepDef.steps.user_navigate_to_my_account_menu()&amp#27;[0m
  &amp#27;[32mAnd &amp#27;[0m&amp#27;[32mclick on Login&amp#27;[0m                                                          &amp#27;[90m# stepDef.steps.click_on_login()&amp#27;[0m
  &amp#27;[32mAnd &amp#27;[0m&amp#27;[32mUser enters Email as &amp#27;[0m&amp#27;[32m&amp#27;[1m"demo.nilesh@gmail.com"&amp#27;[0m&amp#27;[32m and Password as &amp#27;[0m&amp#27;[32m&amp#27;[1m"demo@123"&amp#27;[0m &amp#27;[90m# stepDef.steps.email_and_password(java.lang.String,java.lang.String)&amp#27;[0m
  &amp#27;[32mAnd &amp#27;[0m&amp#27;[32mClick on Login button&amp#27;[0m                                                   &amp#27;[90m# stepDef.steps.click_on_login_button()&amp#27;[0m
It opens welcome screen....
  &amp#27;[32mThen &amp#27;[0m&amp#27;[32mUser navigates to MyAccount Page&amp#27;[0m                                       &amp#27;[90m# stepDef.steps.user_navigates_to_my_account_page()&amp#27;[0m
]]></system-out>
    <system-err><![CDATA[Jun 12, 2023 11:53:28 AM org.openqa.selenium.manager.SeleniumManager getDriverPath
INFO: Applicable driver not found; attempting to install with Selenium Manager (Beta)
SLF4J: Failed to load class "org.slf4j.impl.StaticLoggerBinder".
SLF4J: Defaulting to no-operation (NOP) logger implementation
SLF4J: See http://www.slf4j.org/codes.html#StaticLoggerBinder for further details.
Starting ChromeDriver 114.0.5735.90 (386bc09e8f4f2e025eddae123f36f6263096ae49-refs/branch-heads/5735@{#1052}) on port 26242
Only local connections are allowed.
Please see https://chromedriver.chromium.org/security-considerations for suggestions on keeping ChromeDriver safe.
ChromeDriver was started successfully.
Jun 12, 2023 11:53:32 AM org.openqa.selenium.devtools.CdpVersionFinder findNearestMatch
WARNING: Unable to find an exact match for CDP version 114, so returning the closest version found: 113
Jun 12, 2023 11:53:40 AM org.openqa.selenium.remote.http.WebSocket$Listener onError
WARNING: Connection reset
java.net.SocketException: Connection reset
	at java.base/sun.nio.ch.SocketChannelImpl.throwConnectionReset(SocketChannelImpl.java:401)
	at java.base/sun.nio.ch.SocketChannelImpl.read(SocketChannelImpl.java:434)
	at io.netty.buffer.PooledByteBuf.setBytes(PooledByteBuf.java:256)
	at io.netty.buffer.AbstractByteBuf.writeBytes(AbstractByteBuf.java:1132)
	at io.netty.channel.socket.nio.NioSocketChannel.doReadBytes(NioSocketChannel.java:357)
	at io.netty.channel.nio.AbstractNioByteChannel$NioByteUnsafe.read(AbstractNioByteChannel.java:151)
	at io.netty.channel.nio.NioEventLoop.processSelectedKey(NioEventLoop.java:788)
	at io.netty.channel.nio.NioEventLoop.processSelectedKeysOptimized(NioEventLoop.java:724)
	at io.netty.channel.nio.NioEventLoop.processSelectedKeys(NioEventLoop.java:650)
	at io.netty.channel.nio.NioEventLoop.run(NioEventLoop.java:562)
	at io.netty.util.concurrent.SingleThreadEventExecutor$4.run(SingleThreadEventExecutor.java:997)
	at io.netty.util.internal.ThreadExecutorMap$2.run(ThreadExecutorMap.java:74)
	at io.netty.util.concurrent.FastThreadLocalRunnable.run(FastThreadLocalRunnable.java:30)
	at java.base/java.lang.Thread.run(Thread.java:1589)

]]></system-err>
  </testcase>
  <testcase name="Login Data Driven #2" classname="Login Data Driven" time="8.101">
    <failure type="java.lang.AssertionError"><![CDATA[java.lang.AssertionError
	at org.junit.Assert.fail(Assert.java:87)
	at org.junit.Assert.assertTrue(Assert.java:42)
	at org.junit.Assert.assertTrue(Assert.java:53)
	at stepDef.steps.user_navigates_to_my_account_page(steps.java:105)
	at ✽.User navigates to MyAccount Page(file:///C:/Users/NileshW2/WSseleniumJava_April23/MyJuneProject/./Features/LoginDDT.feature:10)
]]></failure>
    <system-out><![CDATA[
Scenario Outline: Login Data Driven                                               &amp#27;[90m# Features/LoginDDT.feature:15&amp#27;[0m
  &amp#27;[32mGiven &amp#27;[0m&amp#27;[32mUser Launch browser&amp#27;[0m                                                       &amp#27;[90m# stepDef.steps.user_launch_browser()&amp#27;[0m
  &amp#27;[32mAnd &amp#27;[0m&amp#27;[32mopens URL &amp#27;[0m&amp#27;[32m&amp#27;[1m"https://tutorialsninja.com/demo/"&amp#27;[0m                                &amp#27;[90m# stepDef.steps.opens_url(java.lang.String)&amp#27;[0m
  &amp#27;[32mWhen &amp#27;[0m&amp#27;[32mUser navigate to MyAccount menu&amp#27;[0m                                            &amp#27;[90m# stepDef.steps.user_navigate_to_my_account_menu()&amp#27;[0m
  &amp#27;[32mAnd &amp#27;[0m&amp#27;[32mclick on Login&amp#27;[0m                                                              &amp#27;[90m# stepDef.steps.click_on_login()&amp#27;[0m
  &amp#27;[32mAnd &amp#27;[0m&amp#27;[32mUser enters Email as &amp#27;[0m&amp#27;[32m&amp#27;[1m"nileshtraining@gmail.com"&amp#27;[0m&amp#27;[32m and Password as &amp#27;[0m&amp#27;[32m&amp#27;[1m"mytest321"&amp#27;[0m &amp#27;[90m# stepDef.steps.email_and_password(java.lang.String,java.lang.String)&amp#27;[0m
  &amp#27;[32mAnd &amp#27;[0m&amp#27;[32mClick on Login button&amp#27;[0m                                                       &amp#27;[90m# stepDef.steps.click_on_login_button()&amp#27;[0m
It opens welcome screen....
  &amp#27;[31mThen &amp#27;[0m&amp#27;[31mUser navigates to MyAccount Page&amp#27;[0m                                           &amp#27;[90m# stepDef.steps.user_navigates_to_my_account_page()&amp#27;[0m
      &amp#27;[31mjava.lang.AssertionError
	at org.junit.Assert.fail(Assert.java:87)
	at org.junit.Assert.assertTrue(Assert.java:42)
	at org.junit.Assert.assertTrue(Assert.java:53)
	at stepDef.steps.user_navigates_to_my_account_page(steps.java:105)
	at ✽.User navigates to MyAccount Page(file:///C:/Users/NileshW2/WSseleniumJava_April23/MyJuneProject/./Features/LoginDDT.feature:10)
&amp#27;[0m
]]></system-out>
    <system-err><![CDATA[Jun 12, 2023 11:53:40 AM org.openqa.selenium.manager.SeleniumManager getDriverPath
INFO: Applicable driver not found; attempting to install with Selenium Manager (Beta)
Starting ChromeDriver 114.0.5735.90 (386bc09e8f4f2e025eddae123f36f6263096ae49-refs/branch-heads/5735@{#1052}) on port 38176
Only local connections are allowed.
Please see https://chromedriver.chromium.org/security-considerations for suggestions on keeping ChromeDriver safe.
ChromeDriver was started successfully.
Jun 12, 2023 11:53:43 AM org.openqa.selenium.devtools.CdpVersionFinder findNearestMatch
WARNING: Unable to find an exact match for CDP version 114, so returning the closest version found: 113
]]></system-err>
  </testcase>
</testsuite>